0 info it worked if it ends with ok
1 verbose cli [ '/usr/local/bin/node', '/usr/local/bin/npm', 'run', 'json' ]
2 info using npm@3.10.9
3 info using node@v7.1.0
4 verbose run-script [ 'prejson', 'json', 'postjson' ]
5 info lifecycle gulp-exo@1.0.0~prejson: gulp-exo@1.0.0
6 silly lifecycle gulp-exo@1.0.0~prejson: no script for prejson, continuing
7 info lifecycle gulp-exo@1.0.0~json: gulp-exo@1.0.0
8 verbose lifecycle gulp-exo@1.0.0~json: unsafe-perm in lifecycle true
9 verbose lifecycle gulp-exo@1.0.0~json: PATH: /usr/local/lib/node_modules/npm/bin/node-gyp-bin:/home/boyer/Bureau/walkindead/ngseed/node_modules/.bin:/usr/local/sbin:/usr/local/bin:/usr/sbin:/usr/bin:/sbin:/bin:/usr/games:/usr/local/games:/usr/lib/jvm/java-8-oracle/bin:/usr/lib/jvm/java-8-oracle/db/bin:/usr/lib/jvm/java-8-oracle/jre/bin:/usr/lib/jvm/java-8-oracle/bin:/usr/lib/jvm/java-8-oracle/db/bin:/usr/lib/jvm/java-8-oracle/jre/bin
10 verbose lifecycle gulp-exo@1.0.0~json: CWD: /home/boyer/Bureau/walkindead/ngseed
11 silly lifecycle gulp-exo@1.0.0~json: Args: [ '-c', 'json-server --watch ./data/walkindead.json' ]
12 silly lifecycle gulp-exo@1.0.0~json: Returned: code: 1  signal: null
13 info lifecycle gulp-exo@1.0.0~json: Failed to exec json script
14 verbose stack Error: gulp-exo@1.0.0 json: `json-server --watch ./data/walkindead.json`
14 verbose stack Exit status 1
14 verbose stack     at EventEmitter.<anonymous> (/usr/local/lib/node_modules/npm/lib/utils/lifecycle.js:255:16)
14 verbose stack     at emitTwo (events.js:106:13)
14 verbose stack     at EventEmitter.emit (events.js:191:7)
14 verbose stack     at ChildProcess.<anonymous> (/usr/local/lib/node_modules/npm/lib/utils/spawn.js:40:14)
14 verbose stack     at emitTwo (events.js:106:13)
14 verbose stack     at ChildProcess.emit (events.js:191:7)
14 verbose stack     at maybeClose (internal/child_process.js:885:16)
14 verbose stack     at Process.ChildProcess._handle.onexit (internal/child_process.js:226:5)
15 verbose pkgid gulp-exo@1.0.0
16 verbose cwd /home/boyer/Bureau/walkindead/ngseed
17 error Linux 3.19.0-25-generic
18 error argv "/usr/local/bin/node" "/usr/local/bin/npm" "run" "json"
19 error node v7.1.0
20 error npm  v3.10.9
21 error code ELIFECYCLE
22 error gulp-exo@1.0.0 json: `json-server --watch ./data/walkindead.json`
22 error Exit status 1
23 error Failed at the gulp-exo@1.0.0 json script 'json-server --watch ./data/walkindead.json'.
23 error Make sure you have the latest version of node.js and npm installed.
23 error If you do, this is most likely a problem with the gulp-exo package,
23 error not with npm itself.
23 error Tell the author that this fails on your system:
23 error     json-server --watch ./data/walkindead.json
23 error You can get information on how to open an issue for this project with:
23 error     npm bugs gulp-exo
23 error Or if that isn't available, you can get their info via:
23 error     npm owner ls gulp-exo
23 error There is likely additional logging output above.
24 verbose exit [ 1, true ]
